<?xml version="1.0" encoding="UTF-8"?>
<testsuite xmlns:xsi="http://www.w3.org/2001/XMLSchema-instance" xsi:noNamespaceSchemaLocation="https://maven.apache.org/surefire/maven-surefire-plugin/xsd/surefire-test-report.xsd" name="edu.ucr.cs.cs167.ccamp032.AppTest" time="0.093" tests="1" errors="0" skipped="0" failures="0">
  <properties>
    <property name="awt.toolkit" value="sun.awt.X11.XToolkit"/>
    <property name="file.encoding.pkg" value="sun.io"/>
    <property name="java.specification.version" value="1.8"/>
    <property name="sun.cpu.isalist" value=""/>
    <property name="sun.jnu.encoding" value="UTF-8"/>
    <property name="java.class.path" value="/mnt/c/Users/campo/Documents/CWC/UCR/2019-2020 Year/Spring 2020/CS167/workspace/ccamp032_lab3/target/test-classes:/mnt/c/Users/campo/Documents/CWC/UCR/2019-2020 Year/Spring 2020/CS167/workspace/ccamp032_lab3/target/classes:/home/ccamp032/.m2/repository/junit/junit/4.11/junit-4.11.jar:/home/ccamp032/.m2/repository/org/hamcrest/hamcrest-core/1.3/hamcrest-core-1.3.jar:/home/ccamp032/.m2/repository/org/apache/hadoop/hadoop-common/2.10.0/hadoop-common-2.10.0.jar:/home/ccamp032/.m2/repository/org/apache/hadoop/hadoop-annotations/2.10.0/hadoop-annotations-2.10.0.jar:/usr/lib/jvm/java-8-openjdk-amd64/jre/../lib/tools.jar:/home/ccamp032/.m2/repository/com/google/guava/guava/11.0.2/guava-11.0.2.jar:/home/ccamp032/.m2/repository/commons-cli/commons-cli/1.2/commons-cli-1.2.jar:/home/ccamp032/.m2/repository/org/apache/commons/commons-math3/3.1.1/commons-math3-3.1.1.jar:/home/ccamp032/.m2/repository/xmlenc/xmlenc/0.52/xmlenc-0.52.jar:/home/ccamp032/.m2/repository/org/apache/httpcomponents/httpclient/4.5.2/httpclient-4.5.2.jar:/home/ccamp032/.m2/repository/org/apache/httpcomponents/httpcore/4.4.4/httpcore-4.4.4.jar:/home/ccamp032/.m2/repository/commons-codec/commons-codec/1.4/commons-codec-1.4.jar:/home/ccamp032/.m2/repository/commons-io/commons-io/2.4/commons-io-2.4.jar:/home/ccamp032/.m2/repository/commons-net/commons-net/3.1/commons-net-3.1.jar:/home/ccamp032/.m2/repository/commons-collections/commons-collections/3.2.2/commons-collections-3.2.2.jar:/home/ccamp032/.m2/repository/javax/servlet/servlet-api/2.5/servlet-api-2.5.jar:/home/ccamp032/.m2/repository/org/mortbay/jetty/jetty/6.1.26/jetty-6.1.26.jar:/home/ccamp032/.m2/repository/org/mortbay/jetty/jetty-util/6.1.26/jetty-util-6.1.26.jar:/home/ccamp032/.m2/repository/org/mortbay/jetty/jetty-sslengine/6.1.26/jetty-sslengine-6.1.26.jar:/home/ccamp032/.m2/repository/javax/servlet/jsp/jsp-api/2.1/jsp-api-2.1.jar:/home/ccamp032/.m2/repository/com/sun/jersey/jersey-core/1.9/jersey-core-1.9.jar:/home/ccamp032/.m2/repository/com/sun/jersey/jersey-json/1.9/jersey-json-1.9.jar:/home/ccamp032/.m2/repository/org/codehaus/jettison/jettison/1.1/jettison-1.1.jar:/home/ccamp032/.m2/repository/com/sun/xml/bind/jaxb-impl/2.2.3-1/jaxb-impl-2.2.3-1.jar:/home/ccamp032/.m2/repository/org/codehaus/jackson/jackson-jaxrs/1.8.3/jackson-jaxrs-1.8.3.jar:/home/ccamp032/.m2/repository/org/codehaus/jackson/jackson-xc/1.8.3/jackson-xc-1.8.3.jar:/home/ccamp032/.m2/repository/com/sun/jersey/jersey-server/1.9/jersey-server-1.9.jar:/home/ccamp032/.m2/repository/asm/asm/3.1/asm-3.1.jar:/home/ccamp032/.m2/repository/commons-logging/commons-logging/1.1.3/commons-logging-1.1.3.jar:/home/ccamp032/.m2/repository/log4j/log4j/1.2.17/log4j-1.2.17.jar:/home/ccamp032/.m2/repository/net/java/dev/jets3t/jets3t/0.9.0/jets3t-0.9.0.jar:/home/ccamp032/.m2/repository/com/jamesmurty/utils/java-xmlbuilder/0.4/java-xmlbuilder-0.4.jar:/home/ccamp032/.m2/repository/commons-lang/commons-lang/2.6/commons-lang-2.6.jar:/home/ccamp032/.m2/repository/commons-configuration/commons-configuration/1.6/commons-configuration-1.6.jar:/home/ccamp032/.m2/repository/commons-digester/commons-digester/1.8/commons-digester-1.8.jar:/home/ccamp032/.m2/repository/commons-beanutils/commons-beanutils/1.9.4/commons-beanutils-1.9.4.jar:/home/ccamp032/.m2/repository/org/apache/commons/commons-lang3/3.4/commons-lang3-3.4.jar:/home/ccamp032/.m2/repository/org/slf4j/slf4j-api/1.7.25/slf4j-api-1.7.25.jar:/home/ccamp032/.m2/repository/org/slf4j/slf4j-log4j12/1.7.25/slf4j-log4j12-1.7.25.jar:/home/ccamp032/.m2/repository/org/codehaus/jackson/jackson-core-asl/1.9.13/jackson-core-asl-1.9.13.jar:/home/ccamp032/.m2/repository/org/codehaus/jackson/jackson-mapper-asl/1.9.13/jackson-mapper-asl-1.9.13.jar:/home/ccamp032/.m2/repository/org/apache/avro/avro/1.7.7/avro-1.7.7.jar:/home/ccamp032/.m2/repository/com/thoughtworks/paranamer/paranamer/2.3/paranamer-2.3.jar:/home/ccamp032/.m2/repository/org/xerial/snappy/snappy-java/1.0.5/snappy-java-1.0.5.jar:/home/ccamp032/.m2/repository/com/google/protobuf/protobuf-java/2.5.0/protobuf-java-2.5.0.jar:/home/ccamp032/.m2/repository/com/google/code/gson/gson/2.2.4/gson-2.2.4.jar:/home/ccamp032/.m2/repository/org/apache/hadoop/hadoop-auth/2.10.0/hadoop-auth-2.10.0.jar:/home/ccamp032/.m2/repository/com/nimbusds/nimbus-jose-jwt/4.41.1/nimbus-jose-jwt-4.41.1.jar:/home/ccamp032/.m2/repository/com/github/stephenc/jcip/jcip-annotations/1.0-1/jcip-annotations-1.0-1.jar:/home/ccamp032/.m2/repository/net/minidev/json-smart/2.3/json-smart-2.3.jar:/home/ccamp032/.m2/repository/net/minidev/accessors-smart/1.2/accessors-smart-1.2.jar:/home/ccamp032/.m2/repository/org/ow2/asm/asm/5.0.4/asm-5.0.4.jar:/home/ccamp032/.m2/repository/org/apache/directory/server/apacheds-kerberos-codec/2.0.0-M15/apacheds-kerberos-codec-2.0.0-M15.jar:/home/ccamp032/.m2/repository/org/apache/directory/server/apacheds-i18n/2.0.0-M15/apacheds-i18n-2.0.0-M15.jar:/home/ccamp032/.m2/repository/org/apache/directory/api/api-asn1-api/1.0.0-M20/api-asn1-api-1.0.0-M20.jar:/home/ccamp032/.m2/repository/org/apache/directory/api/api-util/1.0.0-M20/api-util-1.0.0-M20.jar:/home/ccamp032/.m2/repository/org/apache/curator/curator-framework/2.7.1/curator-framework-2.7.1.jar:/home/ccamp032/.m2/repository/com/jcraft/jsch/0.1.54/jsch-0.1.54.jar:/home/ccamp032/.m2/repository/org/apache/curator/curator-client/2.7.1/curator-client-2.7.1.jar:/home/ccamp032/.m2/repository/org/apache/curator/curator-recipes/2.7.1/curator-recipes-2.7.1.jar:/home/ccamp032/.m2/repository/com/google/code/findbugs/jsr305/3.0.0/jsr305-3.0.0.jar:/home/ccamp032/.m2/repository/org/apache/htrace/htrace-core4/4.1.0-incubating/htrace-core4-4.1.0-incubating.jar:/home/ccamp032/.m2/repository/org/apache/zookeeper/zookeeper/3.4.9/zookeeper-3.4.9.jar:/home/ccamp032/.m2/repository/org/apache/commons/commons-compress/1.19/commons-compress-1.19.jar:/home/ccamp032/.m2/repository/org/codehaus/woodstox/stax2-api/3.1.4/stax2-api-3.1.4.jar:/home/ccamp032/.m2/repository/com/fasterxml/woodstox/woodstox-core/5.0.3/woodstox-core-5.0.3.jar:/home/ccamp032/.m2/repository/org/apache/hadoop/hadoop-hdfs/2.10.0/hadoop-hdfs-2.10.0.jar:/home/ccamp032/.m2/repository/org/apache/hadoop/hadoop-hdfs-client/2.10.0/hadoop-hdfs-client-2.10.0.jar:/home/ccamp032/.m2/repository/com/squareup/okhttp/okhttp/2.7.5/okhttp-2.7.5.jar:/home/ccamp032/.m2/repository/com/squareup/okio/okio/1.6.0/okio-1.6.0.jar:/home/ccamp032/.m2/repository/commons-daemon/commons-daemon/1.0.13/commons-daemon-1.0.13.jar:/home/ccamp032/.m2/repository/io/netty/netty/3.10.6.Final/netty-3.10.6.Final.jar:/home/ccamp032/.m2/repository/io/netty/netty-all/4.0.23.Final/netty-all-4.0.23.Final.jar:/home/ccamp032/.m2/repository/xerces/xercesImpl/2.12.0/xercesImpl-2.12.0.jar:/home/ccamp032/.m2/repository/xml-apis/xml-apis/1.4.01/xml-apis-1.4.01.jar:/home/ccamp032/.m2/repository/org/fusesource/leveldbjni/leveldbjni-all/1.8/leveldbjni-all-1.8.jar:/home/ccamp032/.m2/repository/com/fasterxml/jackson/core/jackson-databind/2.7.8/jackson-databind-2.7.8.jar:/home/ccamp032/.m2/repository/com/fasterxml/jackson/core/jackson-annotations/2.7.0/jackson-annotations-2.7.0.jar:/home/ccamp032/.m2/repository/com/fasterxml/jackson/core/jackson-core/2.7.8/jackson-core-2.7.8.jar:/home/ccamp032/.m2/repository/org/apache/hadoop/hadoop-mapreduce-client-common/2.10.0/hadoop-mapreduce-client-common-2.10.0.jar:/home/ccamp032/.m2/repository/org/apache/hadoop/hadoop-yarn-common/2.10.0/hadoop-yarn-common-2.10.0.jar:/home/ccamp032/.m2/repository/org/apache/hadoop/hadoop-yarn-api/2.10.0/hadoop-yarn-api-2.10.0.jar:/home/ccamp032/.m2/repository/javax/xml/bind/jaxb-api/2.2.2/jaxb-api-2.2.2.jar:/home/ccamp032/.m2/repository/javax/xml/stream/stax-api/1.0-2/stax-api-1.0-2.jar:/home/ccamp032/.m2/repository/javax/activation/activation/1.1/activation-1.1.jar:/home/ccamp032/.m2/repository/com/sun/jersey/jersey-client/1.9/jersey-client-1.9.jar:/home/ccamp032/.m2/repository/com/google/inject/guice/3.0/guice-3.0.jar:/home/ccamp032/.m2/repository/javax/inject/javax.inject/1/javax.inject-1.jar:/home/ccamp032/.m2/repository/aopalliance/aopalliance/1.0/aopalliance-1.0.jar:/home/ccamp032/.m2/repository/com/sun/jersey/contribs/jersey-guice/1.9/jersey-guice-1.9.jar:/home/ccamp032/.m2/repository/org/apache/hadoop/hadoop-yarn-client/2.10.0/hadoop-yarn-client-2.10.0.jar:/home/ccamp032/.m2/repository/com/google/inject/extensions/guice-servlet/3.0/guice-servlet-3.0.jar:/home/ccamp032/.m2/repository/org/apache/hadoop/hadoop-mapreduce-client-core/2.10.0/hadoop-mapreduce-client-core-2.10.0.jar:"/>
    <property name="java.vm.vendor" value="Private Build"/>
    <property name="sun.arch.data.model" value="64"/>
    <property name="java.vendor.url" value="http://java.oracle.com/"/>
    <property name="user.timezone" value=""/>
    <property name="java.vm.specification.version" value="1.8"/>
    <property name="os.name" value="Linux"/>
    <property name="sun.java.launcher" value="SUN_STANDARD"/>
    <property name="sun.boot.library.path" value="/usr/lib/jvm/java-8-openjdk-amd64/jre/lib/amd64"/>
    <property name="sun.java.command" value="/mnt/c/Users/campo/Documents/CWC/UCR/2019-2020 Year/Spring 2020/CS167/workspace/ccamp032_lab3/target/surefire/surefirebooter6396148509898044038.jar /mnt/c/Users/campo/Documents/CWC/UCR/2019-2020 Year/Spring 2020/CS167/workspace/ccamp032_lab3/target/surefire 2020-04-20T20-03-56_314-jvmRun1 surefire5902981432644626163tmp surefire_01783243857682679308tmp"/>
    <property name="surefire.test.class.path" value="/mnt/c/Users/campo/Documents/CWC/UCR/2019-2020 Year/Spring 2020/CS167/workspace/ccamp032_lab3/target/test-classes:/mnt/c/Users/campo/Documents/CWC/UCR/2019-2020 Year/Spring 2020/CS167/workspace/ccamp032_lab3/target/classes:/home/ccamp032/.m2/repository/junit/junit/4.11/junit-4.11.jar:/home/ccamp032/.m2/repository/org/hamcrest/hamcrest-core/1.3/hamcrest-core-1.3.jar:/home/ccamp032/.m2/repository/org/apache/hadoop/hadoop-common/2.10.0/hadoop-common-2.10.0.jar:/home/ccamp032/.m2/repository/org/apache/hadoop/hadoop-annotations/2.10.0/hadoop-annotations-2.10.0.jar:/usr/lib/jvm/java-8-openjdk-amd64/jre/../lib/tools.jar:/home/ccamp032/.m2/repository/com/google/guava/guava/11.0.2/guava-11.0.2.jar:/home/ccamp032/.m2/repository/commons-cli/commons-cli/1.2/commons-cli-1.2.jar:/home/ccamp032/.m2/repository/org/apache/commons/commons-math3/3.1.1/commons-math3-3.1.1.jar:/home/ccamp032/.m2/repository/xmlenc/xmlenc/0.52/xmlenc-0.52.jar:/home/ccamp032/.m2/repository/org/apache/httpcomponents/httpclient/4.5.2/httpclient-4.5.2.jar:/home/ccamp032/.m2/repository/org/apache/httpcomponents/httpcore/4.4.4/httpcore-4.4.4.jar:/home/ccamp032/.m2/repository/commons-codec/commons-codec/1.4/commons-codec-1.4.jar:/home/ccamp032/.m2/repository/commons-io/commons-io/2.4/commons-io-2.4.jar:/home/ccamp032/.m2/repository/commons-net/commons-net/3.1/commons-net-3.1.jar:/home/ccamp032/.m2/repository/commons-collections/commons-collections/3.2.2/commons-collections-3.2.2.jar:/home/ccamp032/.m2/repository/javax/servlet/servlet-api/2.5/servlet-api-2.5.jar:/home/ccamp032/.m2/repository/org/mortbay/jetty/jetty/6.1.26/jetty-6.1.26.jar:/home/ccamp032/.m2/repository/org/mortbay/jetty/jetty-util/6.1.26/jetty-util-6.1.26.jar:/home/ccamp032/.m2/repository/org/mortbay/jetty/jetty-sslengine/6.1.26/jetty-sslengine-6.1.26.jar:/home/ccamp032/.m2/repository/javax/servlet/jsp/jsp-api/2.1/jsp-api-2.1.jar:/home/ccamp032/.m2/repository/com/sun/jersey/jersey-core/1.9/jersey-core-1.9.jar:/home/ccamp032/.m2/repository/com/sun/jersey/jersey-json/1.9/jersey-json-1.9.jar:/home/ccamp032/.m2/repository/org/codehaus/jettison/jettison/1.1/jettison-1.1.jar:/home/ccamp032/.m2/repository/com/sun/xml/bind/jaxb-impl/2.2.3-1/jaxb-impl-2.2.3-1.jar:/home/ccamp032/.m2/repository/org/codehaus/jackson/jackson-jaxrs/1.8.3/jackson-jaxrs-1.8.3.jar:/home/ccamp032/.m2/repository/org/codehaus/jackson/jackson-xc/1.8.3/jackson-xc-1.8.3.jar:/home/ccamp032/.m2/repository/com/sun/jersey/jersey-server/1.9/jersey-server-1.9.jar:/home/ccamp032/.m2/repository/asm/asm/3.1/asm-3.1.jar:/home/ccamp032/.m2/repository/commons-logging/commons-logging/1.1.3/commons-logging-1.1.3.jar:/home/ccamp032/.m2/repository/log4j/log4j/1.2.17/log4j-1.2.17.jar:/home/ccamp032/.m2/repository/net/java/dev/jets3t/jets3t/0.9.0/jets3t-0.9.0.jar:/home/ccamp032/.m2/repository/com/jamesmurty/utils/java-xmlbuilder/0.4/java-xmlbuilder-0.4.jar:/home/ccamp032/.m2/repository/commons-lang/commons-lang/2.6/commons-lang-2.6.jar:/home/ccamp032/.m2/repository/commons-configuration/commons-configuration/1.6/commons-configuration-1.6.jar:/home/ccamp032/.m2/repository/commons-digester/commons-digester/1.8/commons-digester-1.8.jar:/home/ccamp032/.m2/repository/commons-beanutils/commons-beanutils/1.9.4/commons-beanutils-1.9.4.jar:/home/ccamp032/.m2/repository/org/apache/commons/commons-lang3/3.4/commons-lang3-3.4.jar:/home/ccamp032/.m2/repository/org/slf4j/slf4j-api/1.7.25/slf4j-api-1.7.25.jar:/home/ccamp032/.m2/repository/org/slf4j/slf4j-log4j12/1.7.25/slf4j-log4j12-1.7.25.jar:/home/ccamp032/.m2/repository/org/codehaus/jackson/jackson-core-asl/1.9.13/jackson-core-asl-1.9.13.jar:/home/ccamp032/.m2/repository/org/codehaus/jackson/jackson-mapper-asl/1.9.13/jackson-mapper-asl-1.9.13.jar:/home/ccamp032/.m2/repository/org/apache/avro/avro/1.7.7/avro-1.7.7.jar:/home/ccamp032/.m2/repository/com/thoughtworks/paranamer/paranamer/2.3/paranamer-2.3.jar:/home/ccamp032/.m2/repository/org/xerial/snappy/snappy-java/1.0.5/snappy-java-1.0.5.jar:/home/ccamp032/.m2/repository/com/google/protobuf/protobuf-java/2.5.0/protobuf-java-2.5.0.jar:/home/ccamp032/.m2/repository/com/google/code/gson/gson/2.2.4/gson-2.2.4.jar:/home/ccamp032/.m2/repository/org/apache/hadoop/hadoop-auth/2.10.0/hadoop-auth-2.10.0.jar:/home/ccamp032/.m2/repository/com/nimbusds/nimbus-jose-jwt/4.41.1/nimbus-jose-jwt-4.41.1.jar:/home/ccamp032/.m2/repository/com/github/stephenc/jcip/jcip-annotations/1.0-1/jcip-annotations-1.0-1.jar:/home/ccamp032/.m2/repository/net/minidev/json-smart/2.3/json-smart-2.3.jar:/home/ccamp032/.m2/repository/net/minidev/accessors-smart/1.2/accessors-smart-1.2.jar:/home/ccamp032/.m2/repository/org/ow2/asm/asm/5.0.4/asm-5.0.4.jar:/home/ccamp032/.m2/repository/org/apache/directory/server/apacheds-kerberos-codec/2.0.0-M15/apacheds-kerberos-codec-2.0.0-M15.jar:/home/ccamp032/.m2/repository/org/apache/directory/server/apacheds-i18n/2.0.0-M15/apacheds-i18n-2.0.0-M15.jar:/home/ccamp032/.m2/repository/org/apache/directory/api/api-asn1-api/1.0.0-M20/api-asn1-api-1.0.0-M20.jar:/home/ccamp032/.m2/repository/org/apache/directory/api/api-util/1.0.0-M20/api-util-1.0.0-M20.jar:/home/ccamp032/.m2/repository/org/apache/curator/curator-framework/2.7.1/curator-framework-2.7.1.jar:/home/ccamp032/.m2/repository/com/jcraft/jsch/0.1.54/jsch-0.1.54.jar:/home/ccamp032/.m2/repository/org/apache/curator/curator-client/2.7.1/curator-client-2.7.1.jar:/home/ccamp032/.m2/repository/org/apache/curator/curator-recipes/2.7.1/curator-recipes-2.7.1.jar:/home/ccamp032/.m2/repository/com/google/code/findbugs/jsr305/3.0.0/jsr305-3.0.0.jar:/home/ccamp032/.m2/repository/org/apache/htrace/htrace-core4/4.1.0-incubating/htrace-core4-4.1.0-incubating.jar:/home/ccamp032/.m2/repository/org/apache/zookeeper/zookeeper/3.4.9/zookeeper-3.4.9.jar:/home/ccamp032/.m2/repository/org/apache/commons/commons-compress/1.19/commons-compress-1.19.jar:/home/ccamp032/.m2/repository/org/codehaus/woodstox/stax2-api/3.1.4/stax2-api-3.1.4.jar:/home/ccamp032/.m2/repository/com/fasterxml/woodstox/woodstox-core/5.0.3/woodstox-core-5.0.3.jar:/home/ccamp032/.m2/repository/org/apache/hadoop/hadoop-hdfs/2.10.0/hadoop-hdfs-2.10.0.jar:/home/ccamp032/.m2/repository/org/apache/hadoop/hadoop-hdfs-client/2.10.0/hadoop-hdfs-client-2.10.0.jar:/home/ccamp032/.m2/repository/com/squareup/okhttp/okhttp/2.7.5/okhttp-2.7.5.jar:/home/ccamp032/.m2/repository/com/squareup/okio/okio/1.6.0/okio-1.6.0.jar:/home/ccamp032/.m2/repository/commons-daemon/commons-daemon/1.0.13/commons-daemon-1.0.13.jar:/home/ccamp032/.m2/repository/io/netty/netty/3.10.6.Final/netty-3.10.6.Final.jar:/home/ccamp032/.m2/repository/io/netty/netty-all/4.0.23.Final/netty-all-4.0.23.Final.jar:/home/ccamp032/.m2/repository/xerces/xercesImpl/2.12.0/xercesImpl-2.12.0.jar:/home/ccamp032/.m2/repository/xml-apis/xml-apis/1.4.01/xml-apis-1.4.01.jar:/home/ccamp032/.m2/repository/org/fusesource/leveldbjni/leveldbjni-all/1.8/leveldbjni-all-1.8.jar:/home/ccamp032/.m2/repository/com/fasterxml/jackson/core/jackson-databind/2.7.8/jackson-databind-2.7.8.jar:/home/ccamp032/.m2/repository/com/fasterxml/jackson/core/jackson-annotations/2.7.0/jackson-annotations-2.7.0.jar:/home/ccamp032/.m2/repository/com/fasterxml/jackson/core/jackson-core/2.7.8/jackson-core-2.7.8.jar:/home/ccamp032/.m2/repository/org/apache/hadoop/hadoop-mapreduce-client-common/2.10.0/hadoop-mapreduce-client-common-2.10.0.jar:/home/ccamp032/.m2/repository/org/apache/hadoop/hadoop-yarn-common/2.10.0/hadoop-yarn-common-2.10.0.jar:/home/ccamp032/.m2/repository/org/apache/hadoop/hadoop-yarn-api/2.10.0/hadoop-yarn-api-2.10.0.jar:/home/ccamp032/.m2/repository/javax/xml/bind/jaxb-api/2.2.2/jaxb-api-2.2.2.jar:/home/ccamp032/.m2/repository/javax/xml/stream/stax-api/1.0-2/stax-api-1.0-2.jar:/home/ccamp032/.m2/repository/javax/activation/activation/1.1/activation-1.1.jar:/home/ccamp032/.m2/repository/com/sun/jersey/jersey-client/1.9/jersey-client-1.9.jar:/home/ccamp032/.m2/repository/com/google/inject/guice/3.0/guice-3.0.jar:/home/ccamp032/.m2/repository/javax/inject/javax.inject/1/javax.inject-1.jar:/home/ccamp032/.m2/repository/aopalliance/aopalliance/1.0/aopalliance-1.0.jar:/home/ccamp032/.m2/repository/com/sun/jersey/contribs/jersey-guice/1.9/jersey-guice-1.9.jar:/home/ccamp032/.m2/repository/org/apache/hadoop/hadoop-yarn-client/2.10.0/hadoop-yarn-client-2.10.0.jar:/home/ccamp032/.m2/repository/com/google/inject/extensions/guice-servlet/3.0/guice-servlet-3.0.jar:/home/ccamp032/.m2/repository/org/apache/hadoop/hadoop-mapreduce-client-core/2.10.0/hadoop-mapreduce-client-core-2.10.0.jar:"/>
    <property name="sun.cpu.endian" value="little"/>
    <property name="user.home" value="/home/ccamp032"/>
    <property name="user.language" value="en"/>
    <property name="java.specification.vendor" value="Oracle Corporation"/>
    <property name="java.home" value="/usr/lib/jvm/java-8-openjdk-amd64/jre"/>
    <property name="basedir" value="/mnt/c/Users/campo/Documents/CWC/UCR/2019-2020 Year/Spring 2020/CS167/workspace/ccamp032_lab3"/>
    <property name="file.separator" value="/"/>
    <property name="line.separator" value="&#10;"/>
    <property name="java.vm.specification.vendor" value="Oracle Corporation"/>
    <property name="java.specification.name" value="Java Platform API Specification"/>
    <property name="java.awt.graphicsenv" value="sun.awt.X11GraphicsEnvironment"/>
    <property name="surefire.real.class.path" value="/mnt/c/Users/campo/Documents/CWC/UCR/2019-2020 Year/Spring 2020/CS167/workspace/ccamp032_lab3/target/surefire/surefirebooter6396148509898044038.jar"/>
    <property name="sun.boot.class.path" value="/usr/lib/jvm/java-8-openjdk-amd64/jre/lib/resources.jar:/usr/lib/jvm/java-8-openjdk-amd64/jre/lib/rt.jar:/usr/lib/jvm/java-8-openjdk-amd64/jre/lib/sunrsasign.jar:/usr/lib/jvm/java-8-openjdk-amd64/jre/lib/jsse.jar:/usr/lib/jvm/java-8-openjdk-amd64/jre/lib/jce.jar:/usr/lib/jvm/java-8-openjdk-amd64/jre/lib/charsets.jar:/usr/lib/jvm/java-8-openjdk-amd64/jre/lib/jfr.jar:/usr/lib/jvm/java-8-openjdk-amd64/jre/classes"/>
    <property name="sun.management.compiler" value="HotSpot 64-Bit Tiered Compilers"/>
    <property name="java.runtime.version" value="1.8.0_242-8u242-b08-0ubuntu3~18.04-b08"/>
    <property name="user.name" value="ccamp032"/>
    <property name="path.separator" value=":"/>
    <property name="os.version" value="4.4.0-18362-Microsoft"/>
    <property name="java.endorsed.dirs" value="/usr/lib/jvm/java-8-openjdk-amd64/jre/lib/endorsed"/>
    <property name="java.runtime.name" value="OpenJDK Runtime Environment"/>
    <property name="file.encoding" value="UTF-8"/>
    <property name="java.vm.name" value="OpenJDK 64-Bit Server VM"/>
    <property name="localRepository" value="/home/ccamp032/.m2/repository"/>
    <property name="java.vendor.url.bug" value="http://bugreport.sun.com/bugreport/"/>
    <property name="java.io.tmpdir" value="/tmp"/>
    <property name="java.version" value="1.8.0_242"/>
    <property name="user.dir" value="/mnt/c/Users/campo/Documents/CWC/UCR/2019-2020 Year/Spring 2020/CS167/workspace/ccamp032_lab3"/>
    <property name="os.arch" value="amd64"/>
    <property name="java.vm.specification.name" value="Java Virtual Machine Specification"/>
    <property name="java.awt.printerjob" value="sun.print.PSPrinterJob"/>
    <property name="sun.os.patch.level" value="unknown"/>
    <property name="java.library.path" value="/usr/java/packages/lib/amd64:/usr/lib/x86_64-linux-gnu/jni:/lib/x86_64-linux-gnu:/usr/lib/x86_64-linux-gnu:/usr/lib/jni:/lib:/usr/lib"/>
    <property name="java.vm.info" value="mixed mode"/>
    <property name="java.vendor" value="Private Build"/>
    <property name="java.vm.version" value="25.242-b08"/>
    <property name="java.ext.dirs" value="/usr/lib/jvm/java-8-openjdk-amd64/jre/lib/ext:/usr/java/packages/lib/ext"/>
    <property name="sun.io.unicode.encoding" value="UnicodeLittle"/>
    <property name="java.class.version" value="52.0"/>
  </properties>
  <testcase name="shouldAnswerWithTrue" classname="edu.ucr.cs.cs167.ccamp032.AppTest" time="0.004"/>
</testsuite>